{"/home/olga_petrenko/frontend-project-lvl2/src/diff.js": {"path":"/home/olga_petrenko/frontend-project-lvl2/src/diff.js","all":false,"statementMap":{"0":{"start":{"line":1,"column":0},"end":{"line":1,"column":23}},"1":{"start":{"line":2,"column":0},"end":{"line":2,"column":0}},"2":{"start":{"line":3,"column":0},"end":{"line":3,"column":33}},"3":{"start":{"line":4,"column":0},"end":{"line":4,"column":32}},"4":{"start":{"line":5,"column":0},"end":{"line":5,"column":32}},"5":{"start":{"line":6,"column":0},"end":{"line":6,"column":53}},"6":{"start":{"line":7,"column":0},"end":{"line":7,"column":0}},"7":{"start":{"line":8,"column":0},"end":{"line":8,"column":44}},"8":{"start":{"line":9,"column":0},"end":{"line":9,"column":28}},"9":{"start":{"line":10,"column":0},"end":{"line":10,"column":34}},"10":{"start":{"line":11,"column":0},"end":{"line":11,"column":35}},"11":{"start":{"line":12,"column":0},"end":{"line":12,"column":34}},"12":{"start":{"line":13,"column":0},"end":{"line":13,"column":41}},"13":{"start":{"line":14,"column":0},"end":{"line":14,"column":34}},"14":{"start":{"line":15,"column":0},"end":{"line":15,"column":34}},"15":{"start":{"line":16,"column":0},"end":{"line":16,"column":12}},"16":{"start":{"line":17,"column":0},"end":{"line":17,"column":34}},"17":{"start":{"line":18,"column":0},"end":{"line":18,"column":5}},"18":{"start":{"line":19,"column":0},"end":{"line":19,"column":15}},"19":{"start":{"line":20,"column":0},"end":{"line":20,"column":9}},"20":{"start":{"line":21,"column":0},"end":{"line":21,"column":0}},"21":{"start":{"line":22,"column":0},"end":{"line":22,"column":41}},"22":{"start":{"line":23,"column":0},"end":{"line":23,"column":90}},"23":{"start":{"line":24,"column":0},"end":{"line":24,"column":22}},"24":{"start":{"line":25,"column":0},"end":{"line":25,"column":2}},"25":{"start":{"line":26,"column":0},"end":{"line":26,"column":0}},"26":{"start":{"line":27,"column":0},"end":{"line":27,"column":23}}},"s":{"0":1,"1":1,"2":1,"3":1,"4":1,"5":1,"6":1,"7":1,"8":5,"9":1,"10":5,"11":2,"12":2,"13":1,"14":1,"15":1,"16":1,"17":1,"18":5,"19":1,"20":1,"21":1,"22":1,"23":1,"24":1,"25":1,"26":1},"branchMap":{"0":{"type":"branch","line":3,"loc":{"start":{"line":3,"column":16},"end":{"line":25,"column":2}},"locations":[{"start":{"line":3,"column":16},"end":{"line":25,"column":2}}]},"1":{"type":"branch","line":8,"loc":{"start":{"line":8,"column":29},"end":{"line":20,"column":5}},"locations":[{"start":{"line":8,"column":29},"end":{"line":20,"column":5}}]},"2":{"type":"branch","line":9,"loc":{"start":{"line":9,"column":27},"end":{"line":11,"column":11}},"locations":[{"start":{"line":9,"column":27},"end":{"line":11,"column":11}}]},"3":{"type":"branch","line":11,"loc":{"start":{"line":11,"column":5},"end":{"line":18,"column":5}},"locations":[{"start":{"line":11,"column":5},"end":{"line":18,"column":5}}]},"4":{"type":"branch","line":11,"loc":{"start":{"line":11,"column":34},"end":{"line":18,"column":5}},"locations":[{"start":{"line":11,"column":34},"end":{"line":18,"column":5}}]},"5":{"type":"branch","line":13,"loc":{"start":{"line":13,"column":40},"end":{"line":18,"column":5}},"locations":[{"start":{"line":13,"column":40},"end":{"line":18,"column":5}}]},"6":{"type":"branch","line":23,"loc":{"start":{"line":23,"column":44},"end":{"line":23,"column":59}},"locations":[{"start":{"line":23,"column":44},"end":{"line":23,"column":59}}]}},"b":{"0":[1],"1":[5],"2":[1],"3":[4],"4":[2],"5":[1],"6":[6]},"fnMap":{"0":{"name":"getDiff","decl":{"start":{"line":3,"column":16},"end":{"line":25,"column":2}},"loc":{"start":{"line":3,"column":16},"end":{"line":25,"column":2}},"line":3}},"f":{"0":1}}
}
